<?xml version="1.0" encoding="UTF-8"?>
<testsuite name="exam.paperContext.domain.model.paper.QuizBankTest" tests="1" skipped="0" failures="0" errors="0" timestamp="2020-06-28T06:24:44" hostname="Tims-MacBook-Pro.local" time="0.036">
  <properties/>
  <testcase name="should_create_paper_with_new()" classname="exam.paperContext.domain.model.paper.QuizBankTest" time="0.036"/>
  <system-out><![CDATA[]]></system-out>
  <system-err><![CDATA[]]></system-err>
</testsuite>
